  Ball.cpp
C:\Users\Rafael.M\Desktop\Programmation\PongSFML\Ball.cpp(33,12): warning C4244: 'argument' : conversion de 'time_t' en 'unsigned int', perte possible de données
C:\Users\Rafael.M\Desktop\Programmation\PongSFML\Ball.cpp(39,25): warning C4244: '=' : conversion de 'double' en 'T', perte possible de données
          with
          [
              T=float
          ]
C:\Users\Rafael.M\Desktop\Programmation\PongSFML\Ball.cpp(40,25): warning C4244: '=' : conversion de 'double' en 'T', perte possible de données
          with
          [
              T=float
          ]
C:\Users\Rafael.M\Desktop\Programmation\PongSFML\Ball.cpp(44,96): warning C4244: 'argument' : conversion de 'double' en 'float', perte possible de données
C:\Users\Rafael.M\Desktop\Programmation\PongSFML\Ball.cpp(44,48): warning C4244: 'argument' : conversion de 'double' en 'float', perte possible de données
C:\Users\Rafael.M\Desktop\Programmation\PongSFML\Ball.cpp(53,98): warning C4244: 'argument' : conversion de 'double' en 'T', perte possible de données
          with
          [
              T=float
          ]
C:\Users\Rafael.M\Desktop\Programmation\PongSFML\Ball.cpp(53,50): warning C4244: 'argument' : conversion de 'double' en 'T', perte possible de données
          with
          [
              T=float
          ]
  PongSFML.vcxproj -> C:\Users\Rafael.M\Desktop\Programmation\PongSFML\Debug\PongSFML.exe
