  Ball.cpp
C:\Users\Rafael.M\Desktop\Programmation\PongSFML\Ball.cpp(33,12): warning C4244: 'argument' : conversion de 'time_t' en 'unsigned int', perte possible de données
C:\Users\Rafael.M\Desktop\Programmation\PongSFML\Ball.cpp(39,25): warning C4244: '=' : conversion de 'double' en 'T', perte possible de données
          with
          [
              T=float
          ]
C:\Users\Rafael.M\Desktop\Programmation\PongSFML\Ball.cpp(40,25): warning C4244: '=' : conversion de 'double' en 'T', perte possible de données
          with
          [
              T=float
          ]
C:\Users\Rafael.M\Desktop\Programmation\PongSFML\Ball.cpp(44,96): warning C4244: 'argument' : conversion de 'double' en 'float', perte possible de données
C:\Users\Rafael.M\Desktop\Programmation\PongSFML\Ball.cpp(44,48): warning C4244: 'argument' : conversion de 'double' en 'float', perte possible de données
C:\Users\Rafael.M\Desktop\Programmation\PongSFML\Ball.cpp(53,98): warning C4244: 'argument' : conversion de 'double' en 'T', perte possible de données
          with
          [
              T=float
          ]
C:\Users\Rafael.M\Desktop\Programmation\PongSFML\Ball.cpp(53,50): warning C4244: 'argument' : conversion de 'double' en 'T', perte possible de données
          with
          [
              T=float
          ]
  DisplayWindow.cpp
C:\Users\Rafael.M\Desktop\Programmation\PongSFML\DisplayWindow.cpp(40,85): warning C4244: 'argument' : conversion de 'unsigned int' en 'T', perte possible de données
          with
          [
              T=float
          ]
C:\Users\Rafael.M\Desktop\Programmation\PongSFML\DisplayWindow.cpp(40,65): warning C4244: 'argument' : conversion de 'unsigned int' en 'T', perte possible de données
          with
          [
              T=float
          ]
  Hitbox.cpp
  Hitbox.hpp
  Player.cpp
C:\Users\Rafael.M\Desktop\Programmation\PongSFML\Player.cpp(28,27): warning C4244: '=' : conversion de 'double' en 'T', perte possible de données
          with
          [
              T=float
          ]
C:\Users\Rafael.M\Desktop\Programmation\PongSFML\Player.cpp(33,26): warning C4244: '=' : conversion de 'double' en 'T', perte possible de données
          with
          [
              T=float
          ]
  Render.cpp
C:\Users\Rafael.M\Desktop\Programmation\PongSFML\Render.cpp(49,46): warning C4244: 'argument' : conversion de 'double' en 'float', perte possible de données
C:\Users\Rafael.M\Desktop\Programmation\PongSFML\Render.cpp(49,31): warning C4244: 'argument' : conversion de 'double' en 'float', perte possible de données
C:\Users\Rafael.M\Desktop\Programmation\PongSFML\Render.cpp(315,20): warning C4018: '<' : incompatibilité signed/unsigned
C:\Users\Rafael.M\Desktop\Programmation\PongSFML\Render.cpp(319,20): warning C4018: '<' : incompatibilité signed/unsigned
  main.cpp
Release\Hitbox.obj : warning LNK4042: objet spécifié plus d'une fois ; définitions supplémentaires ignorées
  Génération de code en cours
  148 of 275 functions (53.8%) were compiled, the rest were copied from previous compilation.
    55 functions were new in current compilation
    24 functions had inline decision re-evaluated but remain unchanged
  Fin de la génération du code
  PongSFML.vcxproj -> C:\Users\Rafael.M\Desktop\Programmation\PongSFML\Release\PongSFML.exe
